GetBuilding: 00266 @EmployeeID=1706 @submitter-location=01 [EID=1706]
AppQuery args [00266, SELECT, DEFAULT, SELECT buildingcode FROM positionbuilding pb, building b WHERE b.buildingid = pb.buildingid AND pb.defaultflag = 1 AND pb.positionid = (SELECT positionid FROM appointment WHERE employeeid=1706 AND primaryflag = 1)]
JMS response queue is temp-queue://ID:fm.techtiles.net-34644-1613587193548-1:1:1
JMS consumer queue is ActiveMQMessageConsumer { value=ID:fm.techtiles.net-34644-1613587193548-1:1:1:1, started=true }
cConn: ActiveMQConnection {id=ID:fm.techtiles.net-34644-1613587193548-1:1,clientId=ID:fm.techtiles.net-34644-1613587193548-0:1,started=true}
cSess: ActiveMQSession {id=ID:fm.techtiles.net-34644-1613587193548-1:1:1,started=true}
pConni: ActiveMQConnection {id=ID:fm.techtiles.net-34644-1613587193548-3:1,clientId=ID:fm.techtiles.net-34644-1613587193548-2:1,started=true}
pSessi: ActiveMQSession {id=ID:fm.techtiles.net-34644-1613587193548-3:1:1,started=true}
cBroker: BrokerInfo {commandId = 0, responseRequired = false, brokerId = ID:fm.techtiles.net-40576-1593273978853-0:2, brokerURL = tcp://fm.techtiles.net:61616, slaveBroker = false, masterBroker = false, faultTolerantConfiguration = false, networkConnection = false, duplexConnection = false, peerBrokerInfos = null, brokerName = localhost, connectionId = 0, brokerUploadUrl = null, networkProperties = null}
pBroker: BrokerInfo {commandId = 0, responseRequired = false, brokerId = ID:fm.techtiles.net-40576-1593273978853-0:2, brokerURL = tcp://fm.techtiles.net:61616, slaveBroker = false, masterBroker = false, faultTolerantConfiguration = false, networkConnection = false, duplexConnection = false, peerBrokerInfos = null, brokerName = localhost, connectionId = 0, brokerUploadUrl = null, networkProperties = null}
Sending query <db><operation>SELECT</operation><dbname>DEFAULT</dbname><encodedquery>SELECT+buildingcode+FROM+positionbuilding+pb%2C+building+b+WHERE+b.buildingid+%3D+pb.buildingid+AND+pb.defaultflag+%3D+1+AND+pb.positionid+%3D+%28SELECT+positionid+FROM+appointment+WHERE+employeeid%3D1706+AND+primaryflag+%3D+1%29</encodedquery></db>
Received 253 bytes in 139msec.
---Response Data---
<DB_resp>
<status>OK</status>
<more>No</more>
<startRow>0</startRow>
<colCount>1</colCount>
<col-0 name='buildingcode' type='varchar' nullable='1' autoincrement='false' />
<rowCount>1</rowCount>
<row>
  <buildingcode>01</buildingcode>
</row>
</DB_resp>

Status: OK
More: No
Query returns 1 columns
Query returns 1 rows
Query complete
