GetRole: 00266 @EmployeeID=1548 @submitter-role=ACSRPA 12 MO [EID=1548]
AppQuery args [00266, SELECT, DEFAULT, exec [SSP].[p_RoleMembership_Select] @EmployeeID=1548]
JMS response queue is temp-queue://ID:fm.techtiles.net-39664-1613478353121-1:1:1
JMS consumer queue is ActiveMQMessageConsumer { value=ID:fm.techtiles.net-39664-1613478353121-1:1:1:1, started=true }
cConn: ActiveMQConnection {id=ID:fm.techtiles.net-39664-1613478353121-1:1,clientId=ID:fm.techtiles.net-39664-1613478353121-0:1,started=true}
cSess: ActiveMQSession {id=ID:fm.techtiles.net-39664-1613478353121-1:1:1,started=true}
pConni: ActiveMQConnection {id=ID:fm.techtiles.net-39664-1613478353121-3:1,clientId=ID:fm.techtiles.net-39664-1613478353121-2:1,started=true}
pSessi: ActiveMQSession {id=ID:fm.techtiles.net-39664-1613478353121-3:1:1,started=true}
cBroker: BrokerInfo {commandId = 0, responseRequired = false, brokerId = ID:fm.techtiles.net-40576-1593273978853-0:2, brokerURL = tcp://fm.techtiles.net:61616, slaveBroker = false, masterBroker = false, faultTolerantConfiguration = false, networkConnection = false, duplexConnection = false, peerBrokerInfos = null, brokerName = localhost, connectionId = 0, brokerUploadUrl = null, networkProperties = null}
pBroker: BrokerInfo {commandId = 0, responseRequired = false, brokerId = ID:fm.techtiles.net-40576-1593273978853-0:2, brokerURL = tcp://fm.techtiles.net:61616, slaveBroker = false, masterBroker = false, faultTolerantConfiguration = false, networkConnection = false, duplexConnection = false, peerBrokerInfos = null, brokerName = localhost, connectionId = 0, brokerUploadUrl = null, networkProperties = null}
Sending query <db><operation>SELECT</operation><dbname>DEFAULT</dbname><encodedquery>exec+%5BSSP%5D.%5Bp_RoleMembership_Select%5D+%40EmployeeID%3D1548</encodedquery></db>
Received 447 bytes in 233msec.
---Response Data---
<DB_resp>
<status>OK</status>
<more>No</more>
<startRow>0</startRow>
<colCount>3</colCount>
<col-0 name='EmployeeID' type='int' nullable='0' autoincrement='true' />
<col-1 name='RoleID' type='int' nullable='0' autoincrement='true' />
<col-2 name='RoleName' type='varchar' nullable='0' autoincrement='false' />
<rowCount>1</rowCount>
<row>
  <EmployeeID>1548</EmployeeID>
  <RoleID>78</RoleID>
  <RoleName>ACSRPA+12+MO</RoleName>
</row>
</DB_resp>

Status: OK
More: No
Query returns 3 columns
Query returns 1 rows
Query complete
